Tue Feb 16 14:12:33 2010
Tue Feb 16 14:12:33 2010
Tue Feb 16 14:12:33 2010
 sleep 3 && touch test
Tue Feb 16 14:12:37 2010
Tue Feb 16 14:12:37 2010
Tue Feb 16 14:12:37 2010
 echo "test checkout plone3"
Tue Feb 16 14:12:38 2010
Tue Feb 16 14:12:38 2010
Tue Feb 16 14:12:38 2010
 echo "test launch demo.bfg"
Tue Feb 16 14:12:39 2010
Tue Feb 16 14:12:39 2010
Tue Feb 16 14:12:39 2010
 echo "test launch plone3"
Tue Feb 16 14:12:40 2010
Tue Feb 16 14:12:40 2010
Tue Feb 16 14:12:40 2010
 echo "test launch demo.bfg"
Tue Feb 16 14:12:40 2010
Tue Feb 16 14:12:40 2010
Tue Feb 16 14:12:40 2010
 sleep 3 && touch test
Tue Feb 16 14:13:40 2010
 sleep 3 && touch test
Tue Feb 16 14:13:43 2010
 echo "test checkout plone3"
Tue Feb 16 14:13:44 2010
 echo "test launch demo.bfg"
Tue Feb 16 14:13:45 2010
 echo "test launch plone3"
Tue Feb 16 18:11:08 2010
 sleep 3 && touch test
Tue Feb 16 18:11:13 2010
 echo "test checkout plone3"
Tue Feb 16 18:12:26 2010
 sleep 3 && touch test
Tue Feb 16 18:12:28 2010
 echo "test checkout plone3"
Tue Feb 16 18:12:30 2010
 echo "test checkout plone3"
Tue Feb 16 18:12:31 2010
 echo "test checkout plone3"
Mon Feb 22 10:07:32 2010
 sleep 3 && touch test
Mon Feb 22 10:07:46 2010
 echo "test launch demo.bfg"
Mon Feb 22 10:07:47 2010
 echo "test launch demo.bfg"
Mon Feb 22 10:07:47 2010
 echo "test launch plone3"
Mon Feb 22 10:07:47 2010
 echo "test checkout plone3"
Mon Feb 22 10:07:48 2010
 sleep 3 && touch test
Mon Feb 22 15:27:27 2010
sleep 3 && touch test
Mon Feb 22 15:27:30 2010
echo "test launch demo.bfg"
Mon Feb 22 15:27:30 2010
echo "test launch plone3"
Mon Feb 22 15:27:31 2010
echo "test checkout plone3"
Mon Feb 22 15:27:31 2010
sleep 3 && touch test
